<?xml version="1.0" encoding="UTF-8"?>
<testsuite name="game.EncounterTest" time="0.002" tests="9" errors="0" skipped="0" failures="0">
  <properties>
[...]
</properties>
  <testcase name="testWin" classname="game.EncounterTest" time="0"/>
  <testcase name="testScanEnemy" classname="game.EncounterTest" time="0.002"/>
  <testcase name="testOutOfEnergy" classname="game.EncounterTest" time="0"/>
  <testcase name="testEnemyRest" classname="game.EncounterTest" time="0"/>
  <testcase name="testFireMissile" classname="game.EncounterTest" time="0"/>
  <testcase name="testOutOfMissiles" classname="game.EncounterTest" time="0"/>
  <testcase name="testFireLaser" classname="game.EncounterTest" time="0"/>
  <testcase name="testEnemyLaser" classname="game.EncounterTest" time="0"/>
  <testcase name="testEnemyMissile" classname="game.EncounterTest" time="0"/>
</testsuite>